Sun, 29 Sep 2024 19:08:45 GMT -- method: GET -- url: / -- status: 404 -- response-time: 15.061 ms
Sun, 29 Sep 2024 19:13:26 GMT -- method: GET -- url: /inventario?page%20=3&order_by=DESC -- status: 404 -- response-time: 6.285 ms
Sun, 29 Sep 2024 19:13:48 GMT -- method: GET -- url: /inventario?page=1 -- status: 404 -- response-time: 1.045 ms
Sun, 29 Sep 2024 19:15:51 GMT -- method: GET -- url: /inventario?page=1&order_by=ASC&limits=6 -- status: 404 -- response-time: 0.631 ms
Sun, 29 Sep 2024 19:16:55 GMT -- method: GET -- url: /joyas?page=1&order_by=ASC&limits=6 -- status: 400 -- response-time: 117.477 ms
Sun, 29 Sep 2024 19:17:09 GMT -- method: GET -- url: /joyas?page=1&order_by=nombre_ASC&limits=6 -- status: 200 -- response-time: 43.336 ms
Sun, 29 Sep 2024 19:21:01 GMT -- method: POST -- url: /joyas -- status: 404 -- response-time: 1.121 ms
Sun, 29 Sep 2024 19:22:56 GMT -- method: POST -- url: /joyas -- status: 404 -- response-time: 1.002 ms
Sun, 29 Sep 2024 19:23:30 GMT -- method: GET -- url: /joyas -- status: 200 -- response-time: 19.495 ms
Sun, 29 Sep 2024 19:25:37 GMT -- method: GET -- url: /joyas?precio_min=50 -- status: 200 -- response-time: 21.413 ms
Sun, 29 Sep 2024 19:26:49 GMT -- method: GET -- url: /joyas?precio_min=50&precio_max=30000&categoria=collar -- status: 200 -- response-time: 12.316 ms
Sun, 29 Sep 2024 19:27:34 GMT -- method: GET -- url: /joyas?precio_min=50&precio_max=30000&categoria=collar&order_by=nombre_ASC -- status: 200 -- response-time: 16.792 ms
Sun, 29 Sep 2024 19:27:57 GMT -- method: GET -- url: /joyas?precio_min=50&precio_max=30000&categoria=collar&order_by=id_ASC -- status: 200 -- response-time: 17.881 ms
Sun, 29 Sep 2024 19:28:15 GMT -- method: GET -- url: /joyas?precio_min=50&precio_max=30000&categoria=collar&order_by=id_ASC&page=1 -- status: 200 -- response-time: 12.181 ms
Sun, 29 Sep 2024 19:28:33 GMT -- method: GET -- url: /joyas?precio_min=50&precio_max=30000&categoria=collar&order_by=id_DESC&page=1 -- status: 200 -- response-time: 18.510 ms
Sun, 29 Sep 2024 19:29:00 GMT -- method: GET -- url: /joyas?precio_min=50&precio_max=30000&categoria=collar&order_by=STOCK&page=1 -- status: 200 -- response-time: 16.109 ms
Sun, 29 Sep 2024 19:29:15 GMT -- method: GET -- url: /joyas?precio_min=50&precio_max=30000&categoria=collar&order_by=STOCK -- status: 200 -- response-time: 17.798 ms
Sun, 29 Sep 2024 19:29:31 GMT -- method: GET -- url: /joyas?precio_min=50&precio_max=30000&categoria=collar&order_by=stock -- status: 200 -- response-time: 13.561 ms
Sun, 29 Sep 2024 19:30:15 GMT -- method: GET -- url: /joyas?precio_min=50&precio_max=30000&categoria=collar&order_by=stock_ASC -- status: 200 -- response-time: 15.166 ms
Sun, 29 Sep 2024 19:30:38 GMT -- method: GET -- url: /joyas?precio_min=50&precio_max=30000&categoria=collar&order_by=stock_DESC -- status: 200 -- response-time: 39.140 ms
